<?xml version="1.0" encoding="UTF-8"?>
<testng-results ignored="0" total="2" passed="2" failed="0" skipped="0">
  <reporter-output>
  </reporter-output>
  <suite started-at="2023-12-06T10:57:41 IST" name="Parallel Tests" finished-at="2023-12-06T10:57:48 IST" duration-ms="7581">
    <groups>
    </groups>
    <test started-at="2023-12-06T10:57:41 IST" name="ChromeTest" finished-at="2023-12-06T10:57:44 IST" duration-ms="3224">
      <class name="Test.MainRun">
        <test-method is-config="true" signature="openBrowser(java.lang.String)[pri:0, instance:Test.MainRun@7722c3c3]" started-at="2023-12-06T10:57:41 IST" name="openBrowser" finished-at="2023-12-06T10:57:44 IST" duration-ms="3004" status="PASS">
          <params>
            <param index="0">
              <value>
                <![CDATA[chrome]]>
              </value>
            </param>
          </params>
          <reporter-output>
          </reporter-output>
        </test-method> <!-- openBrowser -->
        <test-method signature="run(java.lang.String)[pri:0, instance:Test.MainRun@7722c3c3]" started-at="2023-12-06T10:57:44 IST" name="run" finished-at="2023-12-06T10:57:44 IST" duration-ms="188" status="PASS">
          <params>
            <param index="0">
              <value>
                <![CDATA[chrome]]>
              </value>
            </param>
          </params>
          <reporter-output>
          </reporter-output>
        </test-method> <!-- run -->
      </class> <!-- Test.MainRun -->
    </test> <!-- ChromeTest -->
    <test started-at="2023-12-06T10:57:44 IST" name="FirefoxTest" finished-at="2023-12-06T10:57:48 IST" duration-ms="4339">
      <class name="Test.MainRun">
        <test-method is-config="true" signature="openBrowser(java.lang.String)[pri:0, instance:Test.MainRun@4f6ee6e4]" started-at="2023-12-06T10:57:44 IST" name="openBrowser" finished-at="2023-12-06T10:57:48 IST" duration-ms="4040" status="PASS">
          <params>
            <param index="0">
              <value>
                <![CDATA[firefox]]>
              </value>
            </param>
          </params>
          <reporter-output>
          </reporter-output>
        </test-method> <!-- openBrowser -->
        <test-method signature="run(java.lang.String)[pri:0, instance:Test.MainRun@4f6ee6e4]" started-at="2023-12-06T10:57:48 IST" name="run" finished-at="2023-12-06T10:57:48 IST" duration-ms="296" status="PASS">
          <params>
            <param index="0">
              <value>
                <![CDATA[firefox]]>
              </value>
            </param>
          </params>
          <reporter-output>
          </reporter-output>
        </test-method> <!-- run -->
      </class> <!-- Test.MainRun -->
    </test> <!-- FirefoxTest -->
  </suite> <!-- Parallel Tests -->
</testng-results>
